Symlinking /home/jk/dvrk2robosuite/devel/share/roseus/ros/dvrk2robosuite/manifest.l
Symlinking /home/jk/dvrk2robosuite/devel/share/roseus/ros/dvrk2robosuite/msg/measured_cv.l
Symlinking /home/jk/dvrk2robosuite/devel/share/roseus/ros/dvrk2robosuite/msg/measured_js.l
Symlinking /home/jk/dvrk2robosuite/devel/share/roseus/ros/dvrk2robosuite/msg/measured_cp.l
Symlinking /home/jk/dvrk2robosuite/devel/share/gennodejs/ros/dvrk2robosuite/_index.js
Symlinking /home/jk/dvrk2robosuite/devel/share/gennodejs/ros/dvrk2robosuite/msg/measured_cp.js
Symlinking /home/jk/dvrk2robosuite/devel/share/gennodejs/ros/dvrk2robosuite/msg/measured_js.js
Symlinking /home/jk/dvrk2robosuite/devel/share/gennodejs/ros/dvrk2robosuite/msg/_index.js
Symlinking /home/jk/dvrk2robosuite/devel/share/gennodejs/ros/dvrk2robosuite/msg/measured_cv.js
Symlinking /home/jk/dvrk2robosuite/devel/share/common-lisp/ros/dvrk2robosuite/msg/measured_cv.lisp
Symlinking /home/jk/dvrk2robosuite/devel/share/common-lisp/ros/dvrk2robosuite/msg/_package_measured_cp.lisp
Symlinking /home/jk/dvrk2robosuite/devel/share/common-lisp/ros/dvrk2robosuite/msg/_package_measured_cv.lisp
Symlinking /home/jk/dvrk2robosuite/devel/share/common-lisp/ros/dvrk2robosuite/msg/_package.lisp
Symlinking /home/jk/dvrk2robosuite/devel/share/common-lisp/ros/dvrk2robosuite/msg/measured_cp.lisp
Symlinking /home/jk/dvrk2robosuite/devel/share/common-lisp/ros/dvrk2robosuite/msg/_package_measured_js.lisp
Symlinking /home/jk/dvrk2robosuite/devel/share/common-lisp/ros/dvrk2robosuite/msg/dvrk2robosuite-msg.asd
Symlinking /home/jk/dvrk2robosuite/devel/share/common-lisp/ros/dvrk2robosuite/msg/measured_js.lisp
Symlinking /home/jk/dvrk2robosuite/devel/share/dvrk2robosuite/cmake/dvrk2robosuite-msg-extras.cmake
Symlinking /home/jk/dvrk2robosuite/devel/share/dvrk2robosuite/cmake/dvrk2robosuiteConfig-version.cmake
Symlinking /home/jk/dvrk2robosuite/devel/share/dvrk2robosuite/cmake/dvrk2robosuite-msg-paths.cmake
Symlinking /home/jk/dvrk2robosuite/devel/share/dvrk2robosuite/cmake/dvrk2robosuiteConfig.cmake
Symlinking /home/jk/dvrk2robosuite/devel/include/dvrk2robosuite/measured_js.h
Symlinking /home/jk/dvrk2robosuite/devel/include/dvrk2robosuite/measured_cv.h
Symlinking /home/jk/dvrk2robosuite/devel/include/dvrk2robosuite/measured_cp.h
Symlinking /home/jk/dvrk2robosuite/devel/lib/pkgconfig/dvrk2robosuite.pc
Symlinking /home/jk/dvrk2robosuite/devel/lib/python3/dist-packages/dvrk2robosuite/__init__.py
Symlinking /home/jk/dvrk2robosuite/devel/lib/python3/dist-packages/dvrk2robosuite/msg/__init__.py
Symlinking /home/jk/dvrk2robosuite/devel/lib/python3/dist-packages/dvrk2robosuite/msg/_measured_cv.py
Symlinking /home/jk/dvrk2robosuite/devel/lib/python3/dist-packages/dvrk2robosuite/msg/_measured_cp.py
Symlinking /home/jk/dvrk2robosuite/devel/lib/python3/dist-packages/dvrk2robosuite/msg/_measured_js.py
Symlinking /home/jk/dvrk2robosuite/devel/lib/dvrk2robosuite/listener.py
Symlinking /home/jk/dvrk2robosuite/devel/lib/dvrk2robosuite/cmake.lock
Symlinking /home/jk/dvrk2robosuite/devel/lib/dvrk2robosuite/talker.py
