Linked: (/home/jk/dvrk2robosuite/devel/.private/dvrk2robosuite/share/roseus/ros/dvrk2robosuite/manifest.l, /home/jk/dvrk2robosuite/devel/share/roseus/ros/dvrk2robosuite/manifest.l)
Linked: (/home/jk/dvrk2robosuite/devel/.private/dvrk2robosuite/share/roseus/ros/dvrk2robosuite/msg/measured_cv.l, /home/jk/dvrk2robosuite/devel/share/roseus/ros/dvrk2robosuite/msg/measured_cv.l)
Linked: (/home/jk/dvrk2robosuite/devel/.private/dvrk2robosuite/share/roseus/ros/dvrk2robosuite/msg/measured_js.l, /home/jk/dvrk2robosuite/devel/share/roseus/ros/dvrk2robosuite/msg/measured_js.l)
Linked: (/home/jk/dvrk2robosuite/devel/.private/dvrk2robosuite/share/gennodejs/ros/dvrk2robosuite/_index.js, /home/jk/dvrk2robosuite/devel/share/gennodejs/ros/dvrk2robosuite/_index.js)
Linked: (/home/jk/dvrk2robosuite/devel/.private/dvrk2robosuite/share/gennodejs/ros/dvrk2robosuite/msg/measured_js.js, /home/jk/dvrk2robosuite/devel/share/gennodejs/ros/dvrk2robosuite/msg/measured_js.js)
Linked: (/home/jk/dvrk2robosuite/devel/.private/dvrk2robosuite/share/gennodejs/ros/dvrk2robosuite/msg/_index.js, /home/jk/dvrk2robosuite/devel/share/gennodejs/ros/dvrk2robosuite/msg/_index.js)
Linked: (/home/jk/dvrk2robosuite/devel/.private/dvrk2robosuite/share/gennodejs/ros/dvrk2robosuite/msg/measured_cv.js, /home/jk/dvrk2robosuite/devel/share/gennodejs/ros/dvrk2robosuite/msg/measured_cv.js)
Linked: (/home/jk/dvrk2robosuite/devel/.private/dvrk2robosuite/share/common-lisp/ros/dvrk2robosuite/msg/measured_cv.lisp, /home/jk/dvrk2robosuite/devel/share/common-lisp/ros/dvrk2robosuite/msg/measured_cv.lisp)
Linked: (/home/jk/dvrk2robosuite/devel/.private/dvrk2robosuite/share/common-lisp/ros/dvrk2robosuite/msg/_package_measured_cv.lisp, /home/jk/dvrk2robosuite/devel/share/common-lisp/ros/dvrk2robosuite/msg/_package_measured_cv.lisp)
Linked: (/home/jk/dvrk2robosuite/devel/.private/dvrk2robosuite/share/common-lisp/ros/dvrk2robosuite/msg/_package.lisp, /home/jk/dvrk2robosuite/devel/share/common-lisp/ros/dvrk2robosuite/msg/_package.lisp)
Linked: (/home/jk/dvrk2robosuite/devel/.private/dvrk2robosuite/share/common-lisp/ros/dvrk2robosuite/msg/_package_measured_js.lisp, /home/jk/dvrk2robosuite/devel/share/common-lisp/ros/dvrk2robosuite/msg/_package_measured_js.lisp)
Linked: (/home/jk/dvrk2robosuite/devel/.private/dvrk2robosuite/share/common-lisp/ros/dvrk2robosuite/msg/dvrk2robosuite-msg.asd, /home/jk/dvrk2robosuite/devel/share/common-lisp/ros/dvrk2robosuite/msg/dvrk2robosuite-msg.asd)
Linked: (/home/jk/dvrk2robosuite/devel/.private/dvrk2robosuite/share/common-lisp/ros/dvrk2robosuite/msg/measured_js.lisp, /home/jk/dvrk2robosuite/devel/share/common-lisp/ros/dvrk2robosuite/msg/measured_js.lisp)
Linked: (/home/jk/dvrk2robosuite/devel/.private/dvrk2robosuite/share/dvrk2robosuite/cmake/dvrk2robosuite-msg-extras.cmake, /home/jk/dvrk2robosuite/devel/share/dvrk2robosuite/cmake/dvrk2robosuite-msg-extras.cmake)
Linked: (/home/jk/dvrk2robosuite/devel/.private/dvrk2robosuite/share/dvrk2robosuite/cmake/dvrk2robosuiteConfig-version.cmake, /home/jk/dvrk2robosuite/devel/share/dvrk2robosuite/cmake/dvrk2robosuiteConfig-version.cmake)
Linked: (/home/jk/dvrk2robosuite/devel/.private/dvrk2robosuite/share/dvrk2robosuite/cmake/dvrk2robosuite-msg-paths.cmake, /home/jk/dvrk2robosuite/devel/share/dvrk2robosuite/cmake/dvrk2robosuite-msg-paths.cmake)
Linked: (/home/jk/dvrk2robosuite/devel/.private/dvrk2robosuite/share/dvrk2robosuite/cmake/dvrk2robosuiteConfig.cmake, /home/jk/dvrk2robosuite/devel/share/dvrk2robosuite/cmake/dvrk2robosuiteConfig.cmake)
Linked: (/home/jk/dvrk2robosuite/devel/.private/dvrk2robosuite/include/dvrk2robosuite/measured_js.h, /home/jk/dvrk2robosuite/devel/include/dvrk2robosuite/measured_js.h)
Linked: (/home/jk/dvrk2robosuite/devel/.private/dvrk2robosuite/include/dvrk2robosuite/measured_cv.h, /home/jk/dvrk2robosuite/devel/include/dvrk2robosuite/measured_cv.h)
Linked: (/home/jk/dvrk2robosuite/devel/.private/dvrk2robosuite/lib/pkgconfig/dvrk2robosuite.pc, /home/jk/dvrk2robosuite/devel/lib/pkgconfig/dvrk2robosuite.pc)
Linked: (/home/jk/dvrk2robosuite/devel/.private/dvrk2robosuite/lib/python3/dist-packages/dvrk2robosuite/__init__.py, /home/jk/dvrk2robosuite/devel/lib/python3/dist-packages/dvrk2robosuite/__init__.py)
Linked: (/home/jk/dvrk2robosuite/devel/.private/dvrk2robosuite/lib/python3/dist-packages/dvrk2robosuite/msg/__init__.py, /home/jk/dvrk2robosuite/devel/lib/python3/dist-packages/dvrk2robosuite/msg/__init__.py)
Linked: (/home/jk/dvrk2robosuite/devel/.private/dvrk2robosuite/lib/python3/dist-packages/dvrk2robosuite/msg/_measured_cv.py, /home/jk/dvrk2robosuite/devel/lib/python3/dist-packages/dvrk2robosuite/msg/_measured_cv.py)
Linked: (/home/jk/dvrk2robosuite/devel/.private/dvrk2robosuite/lib/python3/dist-packages/dvrk2robosuite/msg/_measured_js.py, /home/jk/dvrk2robosuite/devel/lib/python3/dist-packages/dvrk2robosuite/msg/_measured_js.py)
Linked: (/home/jk/dvrk2robosuite/devel/.private/dvrk2robosuite/lib/dvrk2robosuite/listener.py, /home/jk/dvrk2robosuite/devel/lib/dvrk2robosuite/listener.py)
Linked: (/home/jk/dvrk2robosuite/devel/.private/dvrk2robosuite/lib/dvrk2robosuite/cmake.lock, /home/jk/dvrk2robosuite/devel/lib/dvrk2robosuite/cmake.lock)
Linked: (/home/jk/dvrk2robosuite/devel/.private/dvrk2robosuite/lib/dvrk2robosuite/talker.py, /home/jk/dvrk2robosuite/devel/lib/dvrk2robosuite/talker.py)
