[36m--[0m Using CATKIN_DEVEL_PREFIX: /home/tyx/dvrk2robosuite/devel/.private/dvrk2robosuite
[36m--[0m Using CMAKE_PREFIX_PATH: /home/tyx/dvrk2robosuite/devel;/opt/ros/noetic;/opt/openrobots
[36m--[0m This workspace overlays: /home/tyx/dvrk2robosuite/devel;/opt/ros/noetic
[36m--[0m Found PythonInterp: /usr/bin/python3 (found suitable version "3.8.10", minimum required is "3")
[36m--[0m Using PYTHON_EXECUTABLE: /usr/bin/python3
[36m--[0m Using Debian Python package layout
[36m--[0m Using empy: /usr/lib/python3/dist-packages/em.py
[36m--[0m Using CATKIN_ENABLE_TESTING: ON
[36m--[0m Call enable_testing()
[36m--[0m Using CATKIN_TEST_RESULTS_DIR: /home/tyx/dvrk2robosuite/build/dvrk2robosuite/test_results
[36m--[0m Forcing gtest/gmock from source, though one was otherwise available.
[36m--[0m Found gtest sources under '/usr/src/googletest': gtests will be built
[36m--[0m Found gmock sources under '/usr/src/googletest': gmock will be built
[36m--[0m Found PythonInterp: /usr/bin/python3 (found version "3.8.10")
[36m--[0m Using Python nosetests: /usr/bin/nosetests3
[36m--[0m catkin 0.8.10
[36m--[0m BUILD_SHARED_LIBS is on
[36m--[0m Using these message generators: gencpp;geneus;genlisp;gennodejs;genpy
[31m[1mCMake Error[0m at /home/tyx/dvrk2robosuite/build/dvrk2robosuite/cmake/dvrk2robosuite-genmsg.cmake:3 (message):
  Could not find messages which
  '/home/tyx/dvrk2robosuite/src/dvrk2robosuite/msg/measured_cv.msg' depends
  on.  Did you forget to specify generate_messages(DEPENDENCIES ...)?

  Cannot locate message [Twist]: unknown package [geometry_msgs] on search
  path [{{'dvrk2robosuite':
  ['/home/tyx/dvrk2robosuite/src/dvrk2robosuite/msg'], 'std_msgs':
  ['/opt/ros/noetic/share/std_msgs/cmake/../msg']}}]
[36mCall Stack (most recent call first):[0m
  /opt/ros/noetic/share/genmsg/cmake/genmsg-extras.cmake:307 (include)
  CMakeLists.txt:73 (generate_messages)


[36m--[0m Configuring incomplete, errors occurred!
See also "/home/tyx/dvrk2robosuite/build/dvrk2robosuite/CMakeFiles/CMakeOutput.log".
See also "/home/tyx/dvrk2robosuite/build/dvrk2robosuite/CMakeFiles/CMakeError.log".
make: *** [Makefile:698: cmake_check_build_system] Error 1
