[35m[1mScanning dependencies of target std_msgs_generate_messages_nodejs[0m
[35m[1mScanning dependencies of target geometry_msgs_generate_messages_py[0m
[35m[1mScanning dependencies of target std_msgs_generate_messages_cpp[0m
[35m[1mScanning dependencies of target _dvrk2robosuite_generate_messages_check_deps_measured_cv[0m
[35m[1mScanning dependencies of target geometry_msgs_generate_messages_nodejs[0m
[35m[1mScanning dependencies of target std_msgs_generate_messages_py[0m
[35m[1mScanning dependencies of target std_msgs_generate_messages_eus[0m
[35m[1mScanning dependencies of target geometry_msgs_generate_messages_cpp[0m
[35m[1mScanning dependencies of target _dvrk2robosuite_generate_messages_check_deps_measured_js[0m
[35m[1mScanning dependencies of target std_msgs_generate_messages_lisp[0m
[35m[1mScanning dependencies of target geometry_msgs_generate_messages_eus[0m
[35m[1mScanning dependencies of target geometry_msgs_generate_messages_lisp[0m
[  0%] Built target std_msgs_generate_messages_nodejs
[  0%] Built target geometry_msgs_generate_messages_py
[  0%] Built target std_msgs_generate_messages_cpp
[  0%] Built target geometry_msgs_generate_messages_nodejs
[  0%] Built target std_msgs_generate_messages_eus
[  0%] Built target geometry_msgs_generate_messages_eus
[  0%] Built target std_msgs_generate_messages_py
[  0%] Built target geometry_msgs_generate_messages_lisp
[  0%] Built target geometry_msgs_generate_messages_cpp
[  0%] Built target std_msgs_generate_messages_lisp
[  0%] Built target _dvrk2robosuite_generate_messages_check_deps_measured_js
[  0%] Built target _dvrk2robosuite_generate_messages_check_deps_measured_cv
[35m[1mScanning dependencies of target dvrk2robosuite_generate_messages_nodejs[0m
[35m[1mScanning dependencies of target dvrk2robosuite_generate_messages_py[0m
[35m[1mScanning dependencies of target dvrk2robosuite_generate_messages_eus[0m
[35m[1mScanning dependencies of target dvrk2robosuite_generate_messages_cpp[0m
[35m[1mScanning dependencies of target dvrk2robosuite_generate_messages_lisp[0m
[ 33%] [34m[1mGenerating C++ code from dvrk2robosuite/measured_js.msg[0m
[ 33%] [34m[1mGenerating EusLisp code from dvrk2robosuite/measured_js.msg[0m
[ 33%] [34m[1mGenerating Javascript code from dvrk2robosuite/measured_js.msg[0m
[ 33%] [34m[1mGenerating Lisp code from dvrk2robosuite/measured_js.msg[0m
[ 41%] [34m[1mGenerating EusLisp manifest code for dvrk2robosuite[0m
[ 50%] [34m[1mGenerating Python from MSG dvrk2robosuite/measured_js[0m
[ 58%] [34m[1mGenerating Lisp code from dvrk2robosuite/measured_cv.msg[0m
[ 83%] [34m[1mGenerating Javascript code from dvrk2robosuite/measured_cv.msg[0m
[ 83%] [34m[1mGenerating C++ code from dvrk2robosuite/measured_cv.msg[0m
[ 83%] [34m[1mGenerating EusLisp code from dvrk2robosuite/measured_cv.msg[0m
[ 91%] [34m[1mGenerating Python from MSG dvrk2robosuite/measured_cv[0m
[ 91%] Built target dvrk2robosuite_generate_messages_nodejs
[ 91%] Built target dvrk2robosuite_generate_messages_lisp
[ 91%] Built target dvrk2robosuite_generate_messages_cpp
[100%] [34m[1mGenerating Python msg __init__.py for dvrk2robosuite[0m
[100%] Built target dvrk2robosuite_generate_messages_py
[100%] Built target dvrk2robosuite_generate_messages_eus
[35m[1mScanning dependencies of target dvrk2robosuite_generate_messages[0m
[100%] Built target dvrk2robosuite_generate_messages
